<?xml version="1.0" encoding="UTF-8"?>
<!-- Generated by org.testng.reporters.JUnitXMLReporter -->
<testsuite ignored="0" hostname="KumarVanga" failures="1" tests="14" name="Test" time="90.743" errors="0" timestamp="2023-06-05T11:38:56 IST">
  <testcase classname="com.tutorialninjaqa.testcases.RegisterTest" name="verifyRegisteringAnAccountWithMandatoryFields" time="1.675"/>
  <testcase classname="com.tutorialninjaqa.testcases.RegisterTest" name="verifyRegisteringAccountByProvidingAllFields" time="1.634"/>
  <testcase classname="com.tutorialninjaqa.testcases.RegisterTest" name="VerifyRegisteringAccountDetailsWithExistingEmailAddress" time="1.526"/>
  <testcase classname="com.tutorialninjaqa.testcases.RegisterTest" name="VerifyRegisteringAccountWithoutFillingAnyDetails" time="0.585"/>
  <testcase classname="com.tutorialninjaqa.testcases.LoginTest" name="verifyLoginWithValidCredentials" time="20.823">
    <failure type="org.openqa.selenium.NoSuchElementException" message="no such element: Unable to locate element: {&amp;quot;method&amp;quot;:&amp;quot;link text&amp;quot;,&amp;quot;selector&amp;quot;:&amp;quot;Edit your account information&amp;quot;}
  (Session info: chrome=113.0.5672.129)
For documentation on this error, please visit: https://selenium.dev/exceptions/#no_such_element
Build info: version: &amp;apos;4.8.1&amp;apos;, revision: &amp;apos;8ebccac989&amp;apos;
System info: os.name: &amp;apos;Windows 11&amp;apos;, os.arch: &amp;apos;amd64&amp;apos;, os.version: &amp;apos;10.0&amp;apos;, java.version: &amp;apos;17.0.6&amp;apos;
Driver info: org.openqa.selenium.chrome.ChromeDriver
Command: [d80fb03550ce8aabce9b619dad77ed84, findElement {using=link text, value=Edit your account information}]
Capabilities {acceptInsecureCerts: false, browserName: chrome, browserVersion: 113.0.5672.129, chrome: {chromedriverVersion: 113.0.5672.63 (0e1a4471d5ae..., userDataDir: C:\Users\dell\AppData\Local...}, goog:chromeOptions: {debuggerAddress: localhost:63511}, networkConnectionEnabled: false, pageLoadStrategy: normal, platformName: WINDOWS, proxy: Proxy(), se:cdp: ws://localhost:63511/devtoo..., se:cdpVersion: 113.0.5672.129, setWindowRect: true, strictFileInteractability: false, timeouts: {implicit: 0, pageLoad: 300000, script: 30000}, unhandledPromptBehavior: dismiss and notify, webauthn:extension:credBlob: true, webauthn:extension:largeBlob: true, webauthn:extension:minPinLength: true, webauthn:extension:prf: true, webauthn:virtualAuthenticators: true}
Session ID: d80fb03550ce8aabce9b619dad77ed84">
      <![CDATA[org.openqa.selenium.NoSuchElementException: no such element: Unable to locate element: {"method":"link text","selector":"Edit your account information"}
  (Session info: chrome=113.0.5672.129)
For documentation on this error, please visit: https://selenium.dev/exceptions/#no_such_element
Build info: version: '4.8.1', revision: '8ebccac989'
System info: os.name: 'Windows 11', os.arch: 'amd64', os.version: '10.0', java.version: '17.0.6'
Driver info: org.openqa.selenium.chrome.ChromeDriver
Command: [d80fb03550ce8aabce9b619dad77ed84, findElement {using=link text, value=Edit your account information}]
Capabilities {acceptInsecureCerts: false, browserName: chrome, browserVersion: 113.0.5672.129, chrome: {chromedriverVersion: 113.0.5672.63 (0e1a4471d5ae..., userDataDir: C:\Users\dell\AppData\Local...}, goog:chromeOptions: {debuggerAddress: localhost:63511}, networkConnectionEnabled: false, pageLoadStrategy: normal, platformName: WINDOWS, proxy: Proxy(), se:cdp: ws://localhost:63511/devtoo..., se:cdpVersion: 113.0.5672.129, setWindowRect: true, strictFileInteractability: false, timeouts: {implicit: 0, pageLoad: 300000, script: 30000}, unhandledPromptBehavior: dismiss and notify, webauthn:extension:credBlob: true, webauthn:extension:largeBlob: true, webauthn:extension:minPinLength: true, webauthn:extension:prf: true, webauthn:virtualAuthenticators: true}
Session ID: d80fb03550ce8aabce9b619dad77ed84
at org.openqa.selenium.remote.codec.w3c.W3CHttpResponseCodec.createException(W3CHttpResponseCodec.java:200)
at org.openqa.selenium.remote.codec.w3c.W3CHttpResponseCodec.decode(W3CHttpResponseCodec.java:133)
at org.openqa.selenium.remote.codec.w3c.W3CHttpResponseCodec.decode(W3CHttpResponseCodec.java:53)
at org.openqa.selenium.remote.HttpCommandExecutor.execute(HttpCommandExecutor.java:184)
at org.openqa.selenium.remote.service.DriverCommandExecutor.invokeExecute(DriverCommandExecutor.java:167)
at org.openqa.selenium.remote.service.DriverCommandExecutor.execute(DriverCommandExecutor.java:142)
at org.openqa.selenium.remote.RemoteWebDriver.execute(RemoteWebDriver.java:543)
at org.openqa.selenium.remote.ElementLocation$ElementFinder$2.findElement(ElementLocation.java:162)
at org.openqa.selenium.remote.ElementLocation.findElement(ElementLocation.java:60)
at org.openqa.selenium.remote.RemoteWebDriver.findElement(RemoteWebDriver.java:352)
at org.openqa.selenium.remote.RemoteWebDriver.findElement(RemoteWebDriver.java:344)
at com.tutorialninjaqa.testcases.LoginTest.verifyLoginWithValidCredentials(LoginTest.java:45)
at java.base/java.util.ArrayList.forEach(ArrayList.java:1511)
... Removed 36 stack frames]]>
    </failure>
  </testcase> <!-- verifyLoginWithValidCredentials -->
  <testcase classname="com.tutorialninjaqa.testcases.LoginTest" name="verifyLoginWithValidCredentials" time="0.82"/>
  <testcase classname="com.tutorialninjaqa.testcases.LoginTest" name="verifyLoginWithValidCredentials" time="0.9"/>
  <testcase classname="com.tutorialninjaqa.testcases.LoginTest" name="verifyLoginWithInValidCredentials" time="0.913"/>
  <testcase classname="com.tutorialninjaqa.testcases.LoginTest" name="verifyLoginWithInValidEmailAndValidPassword" time="0.855"/>
  <testcase classname="com.tutorialninjaqa.testcases.LoginTest" name="verifyLoginWithValidEmailAndInValidPassword" time="0.779"/>
  <testcase classname="com.tutorialninjaqa.testcases.LoginTest" name="verifyLoginWithOutProvidingCredentials" time="0.419"/>
  <testcase classname="com.tutorialninjaqa.testcases.SearchTest" name="verifySearchWithValidProduct" time="0.53"/>
  <testcase classname="com.tutorialninjaqa.testcases.SearchTest" name="verifySearchWithInValidProduct" time="0.466"/>
  <testcase classname="com.tutorialninjaqa.testcases.SearchTest" name="verifySearchingWithOutAnyProduct" time="0.461"/>
</testsuite> <!-- Test -->
